<?xml version="1.0" encoding="UTF-8"?>
<!-- Generated by org.testng.reporters.JUnitReportReporter -->
<testsuite hostname="LAPTOP-PB7A2EIU" failures="0" tests="3" name="com.crm.qa.testcases.LoginPageTest" time="47.317" errors="0" timestamp="2020-07-29T11:25:29 CDT" skipped="0">
  <testcase classname="com.crm.qa.testcases.LoginPageTest" name="loginPageTitleTest" time="23.449"/>
  <system-out/>
  <testcase classname="com.crm.qa.testcases.LoginPageTest" name="crmLogoTest" time="10.631"/>
  <system-out/>
  <testcase classname="com.crm.qa.testcases.LoginPageTest" name="loginTest" time="13.237"/>
  <system-out/>
</testsuite> <!-- com.crm.qa.testcases.LoginPageTest -->
